[61603:61603:0728/151825.757749:WARNING:account_consistency_mode_manager.cc(68)] Desktop Identity Consistency cannot be enabled as no OAuth client ID and client secret have been configured.
[61635:61635:0728/151825.818290:ERROR:vaapi_wrapper.cc(1068)] vaQuerySurfaceAttributes failed, VA error: invalid parameter
[61635:61635:0728/151825.818434:ERROR:vaapi_wrapper.cc(1015)] FillProfileInfo_Locked failed for va_profile VAProfileH264Main and entrypoint VAEntrypointVLD
[61635:61635:0728/151825.818495:ERROR:vaapi_wrapper.cc(1068)] vaQuerySurfaceAttributes failed, VA error: invalid parameter
[61635:61635:0728/151825.818536:ERROR:vaapi_wrapper.cc(1015)] FillProfileInfo_Locked failed for va_profile VAProfileH264High and entrypoint VAEntrypointVLD
[61603:61603:0728/151827.584167:WARNING:CONSOLE(0)] "Error with Permissions-Policy header: Unrecognized feature: 'interest-cohort'.", source:  (0)
[61603:61603:0728/151827.871215:INFO:CONSOLE(53)] "loaded page with correlation id 3d6c00f0-efa6-11eb-8fe6-2d98fc0cecd1", source: https://www.epicgames.com/store/en-US/free-games (53)
[61603:61603:0728/151827.912642:INFO:CONSOLE(2)] "Unsatisfied version 17.0.2 of shared singleton module react-dom (required ^16.13.1)", source: https://static-assets-prod.epicgames.com/epic-store/static/webpack/main.diesel-site.8a2dc86b1a5c98dc718c.js (2)
[61603:61603:0728/151827.912836:INFO:CONSOLE(2)] "Unsatisfied version 17.0.2 of shared singleton module react-dom (required ^16.14.0)", source: https://static-assets-prod.epicgames.com/epic-store/static/webpack/main.diesel-site.8a2dc86b1a5c98dc718c.js (2)
[61603:61603:0728/151827.912990:INFO:CONSOLE(2)] "Unsatisfied version 17.0.2 of shared singleton module react-dom (required ^16.3.2)", source: https://static-assets-prod.epicgames.com/epic-store/static/webpack/main.diesel-site.8a2dc86b1a5c98dc718c.js (2)
[61603:61603:0728/151827.913282:INFO:CONSOLE(2)] "Unsatisfied version 17.0.2 of shared singleton module react (required * =16.8.0)", source: https://static-assets-prod.epicgames.com/epic-store/static/webpack/main.diesel-site.8a2dc86b1a5c98dc718c.js (2)
[61603:61603:0728/151827.913665:INFO:CONSOLE(2)] "Unsatisfied version 17.0.2 of shared singleton module react (required >=^16.0.0)", source: https://static-assets-prod.epicgames.com/epic-store/static/webpack/main.diesel-site.8a2dc86b1a5c98dc718c.js (2)
[61603:61603:0728/151827.914029:INFO:CONSOLE(2)] "Unsatisfied version 17.0.2 of shared singleton module react (required ^15.0.0 || ^16.0.0)", source: https://static-assets-prod.epicgames.com/epic-store/static/webpack/main.diesel-site.8a2dc86b1a5c98dc718c.js (2)
[61603:61603:0728/151827.914235:INFO:CONSOLE(2)] "Unsatisfied version 17.0.2 of shared singleton module react (required ^15.4.1 || ^16.1.0)", source: https://static-assets-prod.epicgames.com/epic-store/static/webpack/main.diesel-site.8a2dc86b1a5c98dc718c.js (2)
[61603:61603:0728/151827.914446:INFO:CONSOLE(2)] "Unsatisfied version 17.0.2 of shared singleton module react (required ^15.5.4)", source: https://static-assets-prod.epicgames.com/epic-store/static/webpack/main.diesel-site.8a2dc86b1a5c98dc718c.js (2)
[61603:61603:0728/151827.914740:INFO:CONSOLE(2)] "Unsatisfied version 17.0.2 of shared singleton module react (required ^15.6.1 || ^16.0.0)", source: https://static-assets-prod.epicgames.com/epic-store/static/webpack/main.diesel-site.8a2dc86b1a5c98dc718c.js (2)
[61603:61603:0728/151827.914978:INFO:CONSOLE(2)] "Unsatisfied version 17.0.2 of shared singleton module react (required ^16.3.2)", source: https://static-assets-prod.epicgames.com/epic-store/static/webpack/main.diesel-site.8a2dc86b1a5c98dc718c.js (2)
[61603:61603:0728/151827.915182:INFO:CONSOLE(2)] "Unsatisfied version 17.0.2 of shared singleton module react (required ^16.4.0)", source: https://static-assets-prod.epicgames.com/epic-store/static/webpack/main.diesel-site.8a2dc86b1a5c98dc718c.js (2)
[61603:61603:0728/151827.915427:INFO:CONSOLE(2)] "Unsatisfied version 17.0.2 of shared singleton module react (required ^16.8.0)", source: https://static-assets-prod.epicgames.com/epic-store/static/webpack/main.diesel-site.8a2dc86b1a5c98dc718c.js (2)
[61603:61603:0728/151828.324258:INFO:CONSOLE(2)] "Launcher Integration configured for Web", source: https://static-assets-prod.epicgames.com/epic-store/static/webpack/112.diesel-site.de68727c14e87138693a.js (2)
[61603:61603:0728/151828.324457:INFO:CONSOLE(2)] "Lower-casing object properties on root.ue", source: https://static-assets-prod.epicgames.com/epic-store/static/webpack/112.diesel-site.de68727c14e87138693a.js (2)
[61603:61603:0728/151828.587470:INFO:CONSOLE(2)] "loadable: `loadableReady()` requires state, please use `getScriptTags` or `getScriptElements` server-side", source: https://static-assets-prod.epicgames.com/epic-store/static/webpack/112.diesel-site.de68727c14e87138693a.js (2)
[61603:61603:0728/151828.646817:INFO:CONSOLE(2)] "Launcher Integration - Checking for purchase in progress", source: https://static-assets-prod.epicgames.com/epic-store/static/webpack/112.diesel-site.de68727c14e87138693a.js (2)
[61603:61603:0728/151828.942471:INFO:CONSOLE(2)] "react-spring: The "interpolate" function is deprecated in v10 (use "to" instead)", source: https://static-assets-prod.epicgames.com/epic-store/static/webpack/112.diesel-site.de68727c14e87138693a.js (2)
[61637:61655:0728/151844.440784:WARNING:sqlite_persistent_store_backend_base.cc(171)] Failed to post task from FlushAndNotifyInBackground@net/extras/sqlite/sqlite_persistent_store_backend_base.cc:220 to client_task_runner_.
[61603:61603:0728/151844.462481:WARNING:pref_notifier_impl.cc(40)] Pref observer for media_router.cast_allow_all_ips found at shutdown.
